12-May-2025 11:10:24.949 INFO [main] org.apache.catalina.startup.VersionLoggerListener.log Nombre de la versión del servidor: Apache Tomcat/9.0.104
12-May-2025 11:10:24.961 INFO [main] org.apache.catalina.startup.VersionLoggerListener.log Server built:                      Apr 4 2025 12:32:55 UTC
12-May-2025 11:10:24.963 INFO [main] org.apache.catalina.startup.VersionLoggerListener.log Número de versión de servidor:     9.0.104.0
12-May-2025 11:10:24.963 INFO [main] org.apache.catalina.startup.VersionLoggerListener.log OS Name:                           Windows 10
12-May-2025 11:10:24.964 INFO [main] org.apache.catalina.startup.VersionLoggerListener.log Versión de Systema Operativo:      10.0
12-May-2025 11:10:24.965 INFO [main] org.apache.catalina.startup.VersionLoggerListener.log Arquitectura:                      amd64
12-May-2025 11:10:24.966 INFO [main] org.apache.catalina.startup.VersionLoggerListener.log Java Home:                         C:\Users\deivi\Downloads\jdk-24.0.1
12-May-2025 11:10:24.966 INFO [main] org.apache.catalina.startup.VersionLoggerListener.log JVM Version:                       24.0.1+9-30
12-May-2025 11:10:24.966 INFO [main] org.apache.catalina.startup.VersionLoggerListener.log Vededor JVM:                       Oracle Corporation
12-May-2025 11:10:24.967 INFO [main] org.apache.catalina.startup.VersionLoggerListener.log CATALINA_BASE:                     C:\Users\deivi\Documents\apache-tomcat-9.0.104
12-May-2025 11:10:24.968 INFO [main] org.apache.catalina.startup.VersionLoggerListener.log CATALINA_HOME:                     C:\Users\deivi\Documents\apache-tomcat-9.0.104
12-May-2025 11:10:25.006 INFO [main] org.apache.catalina.startup.VersionLoggerListener.log Command line argument:             --add-opens=java.base/java.lang=ALL-UNNAMED
12-May-2025 11:10:25.007 INFO [main] org.apache.catalina.startup.VersionLoggerListener.log Command line argument:             --add-opens=java.base/java.lang.invoke=ALL-UNNAMED
12-May-2025 11:10:25.007 INFO [main] org.apache.catalina.startup.VersionLoggerListener.log Command line argument:             --add-opens=java.base/java.lang.reflect=ALL-UNNAMED
12-May-2025 11:10:25.007 INFO [main] org.apache.catalina.startup.VersionLoggerListener.log Command line argument:             --add-opens=java.base/java.io=ALL-UNNAMED
12-May-2025 11:10:25.008 INFO [main] org.apache.catalina.startup.VersionLoggerListener.log Command line argument:             --add-opens=java.base/java.util=ALL-UNNAMED
12-May-2025 11:10:25.009 INFO [main] org.apache.catalina.startup.VersionLoggerListener.log Command line argument:             --add-opens=java.base/java.util.concurrent=ALL-UNNAMED
12-May-2025 11:10:25.010 INFO [main] org.apache.catalina.startup.VersionLoggerListener.log Command line argument:             --add-opens=java.rmi/sun.rmi.transport=ALL-UNNAMED
12-May-2025 11:10:25.011 INFO [main] org.apache.catalina.startup.VersionLoggerListener.log Command line argument:             -Djava.util.logging.config.file=C:\Users\deivi\Documents\apache-tomcat-9.0.104\conf\logging.properties
12-May-2025 11:10:25.012 INFO [main] org.apache.catalina.startup.VersionLoggerListener.log Command line argument:             -Djava.util.logging.manager=org.apache.juli.ClassLoaderLogManager
12-May-2025 11:10:25.012 INFO [main] org.apache.catalina.startup.VersionLoggerListener.log Command line argument:             -Dhttp.nonProxyHosts=localhost|127.0.0.1|DESKTOP-TROB45Q
12-May-2025 11:10:25.013 INFO [main] org.apache.catalina.startup.VersionLoggerListener.log Command line argument:             -Djdk.tls.ephemeralDHKeySize=2048
12-May-2025 11:10:25.013 INFO [main] org.apache.catalina.startup.VersionLoggerListener.log Command line argument:             -Djava.protocol.handler.pkgs=org.apache.catalina.webresources
12-May-2025 11:10:25.014 INFO [main] org.apache.catalina.startup.VersionLoggerListener.log Command line argument:             -Dsun.io.useCanonCaches=false
12-May-2025 11:10:25.014 INFO [main] org.apache.catalina.startup.VersionLoggerListener.log Command line argument:             -Dignore.endorsed.dirs=
12-May-2025 11:10:25.130 INFO [main] org.apache.catalina.startup.VersionLoggerListener.log Command line argument:             -Dcatalina.base=C:\Users\deivi\Documents\apache-tomcat-9.0.104
12-May-2025 11:10:25.131 INFO [main] org.apache.catalina.startup.VersionLoggerListener.log Command line argument:             -Dcatalina.home=C:\Users\deivi\Documents\apache-tomcat-9.0.104
12-May-2025 11:10:25.131 INFO [main] org.apache.catalina.startup.VersionLoggerListener.log Command line argument:             -Djava.io.tmpdir=C:\Users\deivi\Documents\apache-tomcat-9.0.104\temp
12-May-2025 11:10:25.388 INFO [main] org.apache.catalina.core.AprLifecycleListener.lifecycleEvent Cargada la biblioteca nativa APR de Apache Tomcat [1.3.1] con la versión APR [1.7.4].
12-May-2025 11:10:25.389 INFO [main] org.apache.catalina.core.AprLifecycleListener.lifecycleEvent Capacidades APR: IPv6 [true], enviar fichero [true], aceptar filtros [false], aleatorio [true], UDS [true].
12-May-2025 11:10:25.389 INFO [main] org.apache.catalina.core.AprLifecycleListener.lifecycleEvent APR/OpenSSL configuration: useAprConnector [false], useOpenSSL [true]
12-May-2025 11:10:25.436 INFO [main] org.apache.catalina.core.AprLifecycleListener.initializeSSL OpenSSL inicializado correctamente [OpenSSL 3.0.14 4 Jun 2024]
12-May-2025 11:10:27.180 INFO [main] org.apache.coyote.AbstractProtocol.init Inicializando el manejador de protocolo ["http-nio-8080"]

12-May-2025 11:10:27.301 INFO [main] org.apache.catalina.startup.Catalina.load Server initialization in [3368] milliseconds
12-May-2025 11:10:27.574 INFO [main] org.apache.catalina.core.StandardService.startInternal Arrancando servicio [Catalina]
12-May-2025 11:10:27.574 INFO [main] org.apache.catalina.core.StandardEngine.startInternal Starting Servlet engine: [Apache Tomcat/9.0.104]
12-May-2025 11:10:27.640 INFO [main] org.apache.catalina.startup.HostConfig.deployDirectory Desplegando el directorio [C:\Users\deivi\Documents\apache-tomcat-9.0.104\webapps\docs] de la aplicación web
12-May-2025 11:10:29.087 INFO [main] org.apache.catalina.startup.HostConfig.deployDirectory Deployment of web application directory [C:\Users\deivi\Documents\apache-tomcat-9.0.104\webapps\docs] has finished in [1.440] ms
12-May-2025 11:10:29.088 INFO [main] org.apache.catalina.startup.HostConfig.deployDirectory Desplegando el directorio [C:\Users\deivi\Documents\apache-tomcat-9.0.104\webapps\examples] de la aplicación web
12-May-2025 11:10:34.957 INFO [main] org.apache.catalina.startup.HostConfig.deployDirectory Deployment of web application directory [C:\Users\deivi\Documents\apache-tomcat-9.0.104\webapps\examples] has finished in [5.869] ms
12-May-2025 11:10:34.958 INFO [main] org.apache.catalina.startup.HostConfig.deployDirectory Desplegando el directorio [C:\Users\deivi\Documents\apache-tomcat-9.0.104\webapps\host-manager] de la aplicación web
12-May-2025 11:10:35.167 INFO [main] org.apache.catalina.startup.HostConfig.deployDirectory Deployment of web application directory [C:\Users\deivi\Documents\apache-tomcat-9.0.104\webapps\host-manager] has finished in [209] ms
12-May-2025 11:10:35.168 INFO [main] org.apache.catalina.startup.HostConfig.deployDirectory Desplegando el directorio [C:\Users\deivi\Documents\apache-tomcat-9.0.104\webapps\manager] de la aplicación web
12-May-2025 11:10:35.435 INFO [main] org.apache.catalina.startup.HostConfig.deployDirectory Deployment of web application directory [C:\Users\deivi\Documents\apache-tomcat-9.0.104\webapps\manager] has finished in [266] ms
12-May-2025 11:10:35.436 INFO [main] org.apache.catalina.startup.HostConfig.deployDirectory Desplegando el directorio [C:\Users\deivi\Documents\apache-tomcat-9.0.104\webapps\ROOT] de la aplicación web
12-May-2025 11:10:35.638 INFO [main] org.apache.catalina.startup.HostConfig.deployDirectory Deployment of web application directory [C:\Users\deivi\Documents\apache-tomcat-9.0.104\webapps\ROOT] has finished in [201] ms
12-May-2025 11:10:35.661 INFO [main] org.apache.coyote.AbstractProtocol.start Starting ProtocolHandler ["http-nio-8080"]
12-May-2025 11:10:35.764 INFO [main] org.apache.catalina.startup.Catalina.start Server startup in [8452] milliseconds
12-May-2025 11:25:20.897 INFO [http-nio-8080-exec-10] org.apache.catalina.startup.HostConfig.undeploy Repliegue (undeploy) de la aplicación web que tiene como trayectoria de contexto []
12-May-2025 11:25:20.980 INFO [http-nio-8080-exec-2] org.apache.catalina.startup.HostConfig.deployDescriptor Desplieque del descriptor de configuración [C:\Users\deivi\Documents\apache-tomcat-9.0.104\conf\Catalina\localhost\ROOT.xml]
12-May-2025 11:25:21.006 WARNING [http-nio-8080-exec-2] org.apache.catalina.startup.HostConfig.deployDescriptor The path attribute with value [] in deployment descriptor [C:\Users\deivi\Documents\apache-tomcat-9.0.104\conf\Catalina\localhost\ROOT.xml] has been ignored
12-May-2025 11:25:21.727 INFO [http-nio-8080-exec-2] org.apache.jasper.servlet.TldScanner.scanJars Al menos un JAR, que se ha explorado buscando TLDs, aún no contenía TLDs. Activar historial de depuración para este historiador para una completa lista de los JARs que fueron explorados y de los que nos se halló TLDs. Saltarse JARs no necesarios durante la exploración puede dar lugar a una mejora de tiempo significativa en el arranque y compilación de JSP .
12-May-2025 11:25:21.744 INFO [http-nio-8080-exec-2] org.apache.catalina.startup.HostConfig.deployDescriptor Deployment of deployment descriptor [C:\Users\deivi\Documents\apache-tomcat-9.0.104\conf\Catalina\localhost\ROOT.xml] has finished in [763] ms
12-May-2025 11:25:21.751 INFO [http-nio-8080-exec-4] org.apache.catalina.util.LifecycleBase.start The start() method was called on component [StandardEngine[Catalina].StandardHost[localhost].StandardContext[]] after start() had already been called. The second call will be ignored.
12-May-2025 14:02:49.201 INFO [main] org.apache.catalina.core.StandardServer.await Se ha recibido un comando de apagado a través del puerto de apagado. Parando la instancia del Servidor.
12-May-2025 14:02:49.232 INFO [main] org.apache.coyote.AbstractProtocol.pause Pausing ProtocolHandler ["http-nio-8080"]
12-May-2025 14:02:49.279 INFO [main] org.apache.catalina.core.StandardService.stopInternal Parando servicio [Catalina]
12-May-2025 14:02:49.413 WARNING [main] org.apache.catalina.loader.WebappClassLoaderBase.clearReferencesJdbc La aplicación web [ROOT] registró el conductor JDBC [org.postgresql.Driver] pero falló al anular el registro mientras la aplicación web estaba parada. Para prevenir un fallo de memoria, se ha anulado el registro del conductor JDBC por la fuerza.
12-May-2025 14:02:49.588 INFO [main] org.apache.coyote.AbstractProtocol.stop Stopping ProtocolHandler ["http-nio-8080"]
12-May-2025 14:02:49.631 INFO [main] org.apache.coyote.AbstractProtocol.destroy Destroying ProtocolHandler ["http-nio-8080"]
